0 info it worked if it ends with ok
1 verbose cli [ '/Users/fmancinelli/.nvm/versions/node/v6.10.0/bin/node',
1 verbose cli   '/Users/fmancinelli/.nvm/versions/node/v6.10.0/bin/npm',
1 verbose cli   'run',
1 verbose cli   'dev' ]
2 info using npm@3.10.10
3 info using node@v6.10.0
4 verbose run-script [ 'predev', 'dev', 'postdev' ]
5 info lifecycle elezioni_politiche_2018@~predev: elezioni_politiche_2018@
6 silly lifecycle elezioni_politiche_2018@~predev: no script for predev, continuing
7 info lifecycle elezioni_politiche_2018@~dev: elezioni_politiche_2018@
8 verbose lifecycle elezioni_politiche_2018@~dev: unsafe-perm in lifecycle true
9 verbose lifecycle elezioni_politiche_2018@~dev: PATH: /Users/fmancinelli/.nvm/versions/node/v6.10.0/lib/node_modules/npm/bin/node-gyp-bin:/Users/fmancinelli/projects/elezionitaliane/node_modules/.bin:/Users/fmancinelli/.yarn/bin:/Users/fmancinelli/.nvm/versions/node/v6.10.0/bin:/usr/local/bin:/usr/bin:/bin:/usr/sbin:/sbin
10 verbose lifecycle elezioni_politiche_2018@~dev: CWD: /Users/fmancinelli/projects/elezionitaliane
11 silly lifecycle elezioni_politiche_2018@~dev: Args: [ '-c', 'webpack-dev-server' ]
12 info lifecycle elezioni_politiche_2018@~dev: Failed to exec dev script
13 verbose stack Error: elezioni_politiche_2018@ dev: `webpack-dev-server`
13 verbose stack spawn ENOENT
13 verbose stack     at ChildProcess.<anonymous> (/Users/fmancinelli/.nvm/versions/node/v6.10.0/lib/node_modules/npm/lib/utils/spawn.js:33:16)
13 verbose stack     at emitTwo (events.js:106:13)
13 verbose stack     at ChildProcess.emit (events.js:191:7)
13 verbose stack     at maybeClose (internal/child_process.js:877:16)
13 verbose stack     at Process.ChildProcess._handle.onexit (internal/child_process.js:226:5)
14 verbose pkgid elezioni_politiche_2018@
15 verbose cwd /Users/fmancinelli/projects/elezionitaliane
16 error Darwin 15.6.0
17 error argv "/Users/fmancinelli/.nvm/versions/node/v6.10.0/bin/node" "/Users/fmancinelli/.nvm/versions/node/v6.10.0/bin/npm" "run" "dev"
18 error node v6.10.0
19 error npm  v3.10.10
20 error file sh
21 error code ELIFECYCLE
22 error errno ENOENT
23 error syscall spawn
24 error elezioni_politiche_2018@ dev: `webpack-dev-server`
24 error spawn ENOENT
25 error Failed at the elezioni_politiche_2018@ dev script 'webpack-dev-server'.
25 error Make sure you have the latest version of node.js and npm installed.
25 error If you do, this is most likely a problem with the elezioni_politiche_2018 package,
25 error not with npm itself.
25 error Tell the author that this fails on your system:
25 error     webpack-dev-server
25 error You can get information on how to open an issue for this project with:
25 error     npm bugs elezioni_politiche_2018
25 error Or if that isn't available, you can get their info via:
25 error     npm owner ls elezioni_politiche_2018
25 error There is likely additional logging output above.
26 verbose exit [ 1, true ]
